CRITICAL - 2023-11-29 17:00:25 --> Invalid file: "v_cirle.php"
in SYSTEMPATH\Exceptions\FrameworkException.php on line 39.
 1 SYSTEMPATH\View\View.php(216): CodeIgniter\Exceptions\FrameworkException::forInvalidFile('v_cirle.php')
 2 SYSTEMPATH\Common.php(1190): CodeIgniter\View\View->render('v_cirle', [], true)
 3 APPPATH\Views\v_template.php(103): view('v_cirle')
 4 SYSTEMPATH\View\View.php(228): include('C:\\xampp\\htdocs\\belajar-gis-dasar-ci4\\app\\Views\\v_template.php')
 5 SYSTEMPATH\View\View.php(231): CodeIgniter\View\View->CodeIgniter\View\{closure}()
 6 SYSTEMPATH\Common.php(1190): CodeIgniter\View\View->render('v_template', [], true)
 7 APPPATH\Controllers\Home.php(49): view('v_template', [...])
 8 SYSTEMPATH\CodeIgniter.php(942): App\Controllers\Home->circle()
 9 SYSTEMPATH\CodeIgniter.php(502): CodeIgniter\CodeIgniter->runController(Object(App\Controllers\Home))
10 SYSTEMPATH\CodeIgniter.php(361): CodeIgniter\CodeIgniter->handleRequest(null, Object(Config\Cache), false)
11 FCPATH\index.php(79): CodeIgniter\CodeIgniter->run()
CRITICAL - 2023-11-29 17:01:32 --> Invalid file: "v_cirle.php"
in SYSTEMPATH\Exceptions\FrameworkException.php on line 39.
 1 SYSTEMPATH\View\View.php(216): CodeIgniter\Exceptions\FrameworkException::forInvalidFile('v_cirle.php')
 2 SYSTEMPATH\Common.php(1190): CodeIgniter\View\View->render('v_cirle', [], true)
 3 APPPATH\Views\v_template.php(103): view('v_cirle')
 4 SYSTEMPATH\View\View.php(228): include('C:\\xampp\\htdocs\\belajar-gis-dasar-ci4\\app\\Views\\v_template.php')
 5 SYSTEMPATH\View\View.php(231): CodeIgniter\View\View->CodeIgniter\View\{closure}()
 6 SYSTEMPATH\Common.php(1190): CodeIgniter\View\View->render('v_template', [], true)
 7 APPPATH\Controllers\Home.php(49): view('v_template', [...])
 8 SYSTEMPATH\CodeIgniter.php(942): App\Controllers\Home->circle()
 9 SYSTEMPATH\CodeIgniter.php(502): CodeIgniter\CodeIgniter->runController(Object(App\Controllers\Home))
10 SYSTEMPATH\CodeIgniter.php(361): CodeIgniter\CodeIgniter->handleRequest(null, Object(Config\Cache), false)
11 FCPATH\index.php(79): CodeIgniter\CodeIgniter->run()
CRITICAL - 2023-11-29 17:03:07 --> Invalid file: "v_cirle.php"
in SYSTEMPATH\Exceptions\FrameworkException.php on line 39.
 1 SYSTEMPATH\View\View.php(216): CodeIgniter\Exceptions\FrameworkException::forInvalidFile('v_cirle.php')
 2 SYSTEMPATH\Common.php(1190): CodeIgniter\View\View->render('v_cirle', [], true)
 3 APPPATH\Views\v_template.php(103): view('v_cirle')
 4 SYSTEMPATH\View\View.php(228): include('C:\\xampp\\htdocs\\belajar-gis-dasar-ci4\\app\\Views\\v_template.php')
 5 SYSTEMPATH\View\View.php(231): CodeIgniter\View\View->CodeIgniter\View\{closure}()
 6 SYSTEMPATH\Common.php(1190): CodeIgniter\View\View->render('v_template', [], true)
 7 APPPATH\Controllers\Home.php(49): view('v_template', [...])
 8 SYSTEMPATH\CodeIgniter.php(942): App\Controllers\Home->circle()
 9 SYSTEMPATH\CodeIgniter.php(502): CodeIgniter\CodeIgniter->runController(Object(App\Controllers\Home))
10 SYSTEMPATH\CodeIgniter.php(361): CodeIgniter\CodeIgniter->handleRequest(null, Object(Config\Cache), false)
11 FCPATH\index.php(79): CodeIgniter\CodeIgniter->run()
CRITICAL - 2023-11-29 17:05:04 --> Invalid file: "v_cirle.php"
in SYSTEMPATH\Exceptions\FrameworkException.php on line 39.
 1 SYSTEMPATH\View\View.php(216): CodeIgniter\Exceptions\FrameworkException::forInvalidFile('v_cirle.php')
 2 SYSTEMPATH\Common.php(1190): CodeIgniter\View\View->render('v_cirle', [], true)
 3 APPPATH\Views\v_template.php(103): view('v_cirle')
 4 SYSTEMPATH\View\View.php(228): include('C:\\xampp\\htdocs\\belajar-gis-dasar-ci4\\app\\Views\\v_template.php')
 5 SYSTEMPATH\View\View.php(231): CodeIgniter\View\View->CodeIgniter\View\{closure}()
 6 SYSTEMPATH\Common.php(1190): CodeIgniter\View\View->render('v_template', [], true)
 7 APPPATH\Controllers\Home.php(49): view('v_template', [...])
 8 SYSTEMPATH\CodeIgniter.php(942): App\Controllers\Home->circle()
 9 SYSTEMPATH\CodeIgniter.php(502): CodeIgniter\CodeIgniter->runController(Object(App\Controllers\Home))
10 SYSTEMPATH\CodeIgniter.php(361): CodeIgniter\CodeIgniter->handleRequest(null, Object(Config\Cache), false)
11 FCPATH\index.php(79): CodeIgniter\CodeIgniter->run()
